<?xml version="1.0" encoding="UTF-8"?>
<coverage generated="1658236027879" clover="3.2.0">
  <project timestamp="1658236027879" name="All files">
    <metrics statements="25" coveredstatements="24" conditionals="6" coveredconditionals="4" methods="5" coveredmethods="4" elements="36" coveredelements="32" complexity="0" loc="25" ncloc="25" packages="1" files="2" classes="2"/>
    <file name="constants.js" path="/Users/admin/Documents/GitHub/react-signin-dynamodb/src/constants.js">
      <metrics statements="1" coveredstatements="1" conditionals="0" coveredconditionals="0" methods="0" coveredmethods="0"/>
      <line num="1" count="1" type="stmt"/>
    </file>
    <file name="index.js" path="/Users/admin/Documents/GitHub/react-signin-dynamodb/src/index.js">
      <metrics statements="24" coveredstatements="23" conditionals="6" coveredconditionals="4" methods="5" coveredmethods="4"/>
      <line num="10" count="1" type="stmt"/>
      <line num="12" count="12" type="stmt"/>
      <line num="13" count="12" type="stmt"/>
      <line num="17" count="1" type="stmt"/>
      <line num="18" count="1" type="stmt"/>
      <line num="19" count="1" type="stmt"/>
      <line num="20" count="4" type="stmt"/>
      <line num="22" count="1" type="stmt"/>
      <line num="26" count="12" type="stmt"/>
      <line num="28" count="2" type="stmt"/>
      <line num="30" count="2" type="stmt"/>
      <line num="37" count="2" type="stmt"/>
      <line num="38" count="2" type="cond" truecount="2" falsecount="0"/>
      <line num="40" count="1" type="stmt"/>
      <line num="41" count="1" type="cond" truecount="1" falsecount="1"/>
      <line num="45" count="1" type="stmt"/>
      <line num="46" count="1" type="stmt"/>
      <line num="48" count="1" type="stmt"/>
      <line num="64" count="1" type="stmt"/>
      <line num="66" count="1" type="stmt"/>
      <line num="68" count="1" type="cond" truecount="1" falsecount="1"/>
      <line num="75" count="12" type="stmt"/>
      <line num="84" count="2" type="stmt"/>
      <line num="87" count="0" type="stmt"/>
    </file>
  </project>
</coverage>
