{"/Users/admin/Documents/GitHub/react-signin-dynamodb/src/constants.js": {"path":"/Users/admin/Documents/GitHub/react-signin-dynamodb/src/constants.js","statementMap":{"0":{"start":{"line":1,"column":18},"end":{"line":3,"column":1}}},"fnMap":{},"branchMap":{},"s":{"0":1},"f":{},"b":{},"_coverageSchema":"43e27e138ebf9cfc5966b082cf9a028302ed4184","hash":"2ee3e0983fe0afec7307f6596184c887f9ecbdde"}
,"/Users/admin/Documents/GitHub/react-signin-dynamodb/src/index.js": {"path":"/Users/admin/Documents/GitHub/react-signin-dynamodb/src/index.js","statementMap":{"0":{"start":{"line":10,"column":22},"end":{"line":94,"column":1}},"1":{"start":{"line":12,"column":28},"end":{"line":12,"column":40}},"2":{"start":{"line":13,"column":28},"end":{"line":13,"column":40}},"3":{"start":{"line":17,"column":17},"end":{"line":17,"column":29}},"4":{"start":{"line":18,"column":14},"end":{"line":18,"column":16}},"5":{"start":{"line":19,"column":4},"end":{"line":21,"column":5}},"6":{"start":{"line":19,"column":17},"end":{"line":19,"column":18}},"7":{"start":{"line":20,"column":8},"end":{"line":20,"column":54}},"8":{"start":{"line":22,"column":4},"end":{"line":22,"column":15}},"9":{"start":{"line":26,"column":18},"end":{"line":72,"column":3}},"10":{"start":{"line":28,"column":4},"end":{"line":28,"column":16}},"11":{"start":{"line":30,"column":28},"end":{"line":35,"column":5}},"12":{"start":{"line":37,"column":28},"end":{"line":37,"column":117}},"13":{"start":{"line":38,"column":4},"end":{"line":70,"column":5}},"14":{"start":{"line":40,"column":6},"end":{"line":40,"column":47}},"15":{"start":{"line":41,"column":6},"end":{"line":41,"column":74}},"16":{"start":{"line":41,"column":39},"end":{"line":41,"column":74}},"17":{"start":{"line":45,"column":18},"end":{"line":45,"column":31}},"18":{"start":{"line":46,"column":21},"end":{"line":46,"column":67}},"19":{"start":{"line":48,"column":36},"end":{"line":62,"column":7}},"20":{"start":{"line":64,"column":6},"end":{"line":64,"column":104}},"21":{"start":{"line":66,"column":6},"end":{"line":66,"column":261}},"22":{"start":{"line":68,"column":6},"end":{"line":68,"column":73}},"23":{"start":{"line":68,"column":39},"end":{"line":68,"column":73}},"24":{"start":{"line":75,"column":2},"end":{"line":93,"column":3}},"25":{"start":{"line":84,"column":82},"end":{"line":84,"column":91}},"26":{"start":{"line":87,"column":98},"end":{"line":87,"column":107}}},"fnMap":{"0":{"name":"(anonymous_0)","decl":{"start":{"line":10,"column":22},"end":{"line":10,"column":23}},"loc":{"start":{"line":10,"column":33},"end":{"line":94,"column":1}},"line":10},"1":{"name":"generateOTP","decl":{"start":{"line":15,"column":11},"end":{"line":15,"column":22}},"loc":{"start":{"line":15,"column":25},"end":{"line":24,"column":3}},"line":15},"2":{"name":"(anonymous_2)","decl":{"start":{"line":26,"column":18},"end":{"line":26,"column":19}},"loc":{"start":{"line":26,"column":31},"end":{"line":72,"column":3}},"line":26},"3":{"name":"(anonymous_3)","decl":{"start":{"line":84,"column":75},"end":{"line":84,"column":76}},"loc":{"start":{"line":84,"column":81},"end":{"line":84,"column":92}},"line":84},"4":{"name":"(anonymous_4)","decl":{"start":{"line":87,"column":91},"end":{"line":87,"column":92}},"loc":{"start":{"line":87,"column":97},"end":{"line":87,"column":108}},"line":87}},"branchMap":{"0":{"loc":{"start":{"line":38,"column":4},"end":{"line":70,"column":5}},"type":"if","locations":[{"start":{"line":38,"column":4},"end":{"line":70,"column":5}},{"start":{"line":38,"column":4},"end":{"line":70,"column":5}}],"line":38},"1":{"loc":{"start":{"line":41,"column":6},"end":{"line":41,"column":74}},"type":"if","locations":[{"start":{"line":41,"column":6},"end":{"line":41,"column":74}},{"start":{"line":41,"column":6},"end":{"line":41,"column":74}}],"line":41},"2":{"loc":{"start":{"line":68,"column":6},"end":{"line":68,"column":73}},"type":"if","locations":[{"start":{"line":68,"column":6},"end":{"line":68,"column":73}},{"start":{"line":68,"column":6},"end":{"line":68,"column":73}}],"line":68}},"s":{"0":1,"1":12,"2":12,"3":1,"4":1,"5":1,"6":1,"7":4,"8":1,"9":12,"10":2,"11":2,"12":2,"13":2,"14":1,"15":1,"16":1,"17":1,"18":1,"19":1,"20":1,"21":1,"22":1,"23":1,"24":12,"25":2,"26":0},"f":{"0":12,"1":1,"2":2,"3":2,"4":0},"b":{"0":[1,1],"1":[1,0],"2":[1,0]},"_coverageSchema":"43e27e138ebf9cfc5966b082cf9a028302ed4184","hash":"21547fe0d8ad07f27a45b4bb309ec4702562ebcc"}
}
