TN:
SF:/Users/admin/Documents/GitHub/react-signin-dynamodb/src/constants.js
FNF:0
FNH:0
DA:1,1
LF:1
LH:1
BRF:0
BRH:0
end_of_record
TN:
SF:/Users/admin/Documents/GitHub/react-signin-dynamodb/src/index.js
FN:10,(anonymous_0)
FN:15,generateOTP
FN:26,(anonymous_2)
FN:84,(anonymous_3)
FN:87,(anonymous_4)
FNF:5
FNH:4
FNDA:12,(anonymous_0)
FNDA:1,generateOTP
FNDA:2,(anonymous_2)
FNDA:2,(anonymous_3)
FNDA:0,(anonymous_4)
DA:10,1
DA:12,12
DA:13,12
DA:17,1
DA:18,1
DA:19,1
DA:20,4
DA:22,1
DA:26,12
DA:28,2
DA:30,2
DA:37,2
DA:38,2
DA:40,1
DA:41,1
DA:45,1
DA:46,1
DA:48,1
DA:64,1
DA:66,1
DA:68,1
DA:75,12
DA:84,2
DA:87,0
LF:24
LH:23
BRDA:38,0,0,1
BRDA:38,0,1,1
BRDA:41,1,0,1
BRDA:41,1,1,0
BRDA:68,2,0,1
BRDA:68,2,1,0
BRF:6
BRH:4
end_of_record
